Using pre-set license
Built from '2020.3/staging' branch; Version is '2020.3.5f1 (8095aa901b9b) revision 8426922'; Using compiler version '192528614'; Build Type 'Release'
OS: 'Windows 10 Home; OS build 19042.1165; Version 2009; 64bit' Language: 'ja' Physical Memory: 32665 MB
BatchMode: 1, IsHumanControllingUs: 0, StartBugReporterOnCrash: 0, Is64bit: 1, IsPro: 0

 COMMAND LINE ARGUMENTS:
C:\Program Files\Unity\Editor\Unity.exe
-adb2
-batchMode
-noUpm
-name
AssetImportWorker0
-projectPath
C:/Users/けんたろう/Documents/GitHub/Sector_break/Sector break
-logFile
Logs/AssetImportWorker0.log
-srvPort
50686
Successfully changed project path to: C:/Users/けんたろう/Documents/GitHub/Sector_break/Sector break
C:/Users/けんたろう/Documents/GitHub/Sector_break/Sector break
Using Asset Import Pipeline V2.
Refreshing native plugins compatible for Editor in 15.09 ms, found 0 plugins.
Preloading 0 native plugins for Editor in 0.00 ms.
Initialize engine version: 2020.3.5f1 (8095aa901b9b)
[Subsystems] Discovering subsystems at path C:/Program Files/Unity/Editor/Data/Resources/UnitySubsystems
[Subsystems] Discovering subsystems at path C:/Users/けんたろう/Documents/GitHub/Sector_break/Sector break/Assets
GfxDevice: creating device client; threaded=0
Direct3D:
    Version:  Direct3D 11.0 [level 11.1]
    Renderer: NVIDIA GeForce RTX 3060 Ti (ID=0x2489)
    Vendor:   
    VRAM:     8050 MB
    Driver:   30.0.14.7168
Initialize mono
Mono path[0] = 'C:/Program Files/Unity/Editor/Data/Managed'
Mono path[1] = 'C:/Program Files/Unity/Editor/Data/MonoBleedingEdge/lib/mono/unityjit'
Mono config path = 'C:/Program Files/Unity/Editor/Data/MonoBleedingEdge/etc'
Using monoOptions --debugger-agent=transport=dt_socket,embedding=1,server=y,suspend=n,address=127.0.0.1:56988
Begin MonoManager ReloadAssembly
Registering precompiled unity dll's ...
Register platform support module: C:/Program Files/Unity/Editor/Data/PlaybackEngines/WindowsStandaloneSupport/UnityEditor.WindowsStandalone.Extensions.dll
Registered in 0.001004 seconds.
Native extension for WindowsStandalone target not found
Refreshing native plugins compatible for Editor in 15.32 ms, found 0 plugins.
Preloading 0 native plugins for Editor in 0.00 ms.
Mono: successfully reloaded assembly
- Completed reload, in  0.561 seconds
Platform modules already initialized, skipping
Registering precompiled user dll's ...
Registered in 0.000362 seconds.
Begin MonoManager ReloadAssembly
Native extension for WindowsStandalone target not found
Refreshing native plugins compatible for Editor in 0.15 ms, found 0 plugins.
Preloading 0 native plugins for Editor in 0.00 ms.
Mono: successfully reloaded assembly
- Completed reload, in  0.486 seconds
Platform modules already initialized, skipping
========================================================================
Worker process is ready to serve import requests
Launched and connected shader compiler UnityShaderCompiler.exe after 0.03 seconds
Refreshing native plugins compatible for Editor in 0.16 ms, found 0 plugins.
Preloading 0 native plugins for Editor in 0.00 ms.
Unloading 1115 Unused Serialized files (Serialized files now loaded: 0)
System memory in use before: 57.1 MB.
System memory in use after: 57.1 MB.

Unloading 10 unused Assets to reduce memory usage. Loaded Objects now: 1557.
Total: 1.552600 ms (FindLiveObjects: 0.162000 ms CreateObjectMapping: 0.025900 ms MarkObjects: 1.293800 ms  DeleteObjects: 0.070000 ms)

========================================================================
Received Import Request.
  path: Assets
  artifactKey: Guid(00000000000000001000000000000000) Importer(815301076,1909f56bfc062723c751e8b465ee728b)
Start importing Assets using Guid(00000000000000001000000000000000) Importer(815301076,1909f56bfc062723c751e8b465ee728b)  -> (artifact id: 'e4856052512617ee48189cf1d7999900') in 0.009259 seconds
  Import took 0.010660 seconds .

========================================================================
Received Import Request.
  Time since last request: 0.000374 seconds.
  path: Assets/Scenes
  artifactKey: Guid(afaaad9d70c4eba428e5b0798a0e02a1) Importer(815301076,1909f56bfc062723c751e8b465ee728b)
Start importing Assets/Scenes using Guid(afaaad9d70c4eba428e5b0798a0e02a1) Importer(815301076,1909f56bfc062723c751e8b465ee728b)  -> (artifact id: 'ef8da929cc2eda88d8c145966e26e157') in 0.005751 seconds
  Import took 0.007232 seconds .

========================================================================
Received Import Request.
  Time since last request: 27.288373 seconds.
  path: Assets/Scenes/Title.unity
  artifactKey: Guid(fb58a0c2b6dacc241984c5c3402528f7) Importer(815301076,1909f56bfc062723c751e8b465ee728b)
Start importing Assets/Scenes/Title.unity using Guid(fb58a0c2b6dacc241984c5c3402528f7) Importer(815301076,1909f56bfc062723c751e8b465ee728b)  -> (artifact id: '0d4fa32f470a5211b85ef04214b733bc') in 0.011378 seconds
  Import took 0.012801 seconds .

========================================================================
Received Import Request.
  Time since last request: 6.317081 seconds.
  path: Assets/Scenes/main.unity
  artifactKey: Guid(58269549c5bab3a4a9c877e4331782ab) Importer(815301076,1909f56bfc062723c751e8b465ee728b)
Start importing Assets/Scenes/main.unity using Guid(58269549c5bab3a4a9c877e4331782ab) Importer(815301076,1909f56bfc062723c751e8b465ee728b)  -> (artifact id: 'c5426a9362dc332f3df7268f07899747') in 0.005440 seconds
  Import took 0.006964 seconds .

========================================================================
Received Import Request.
  Time since last request: 9.102830 seconds.
  path: Assets/Scenes/end.unity
  artifactKey: Guid(6714d33425c43d14e9e6def2a8cbea2d) Importer(815301076,1909f56bfc062723c751e8b465ee728b)
Start importing Assets/Scenes/end.unity using Guid(6714d33425c43d14e9e6def2a8cbea2d) Importer(815301076,1909f56bfc062723c751e8b465ee728b)  -> (artifact id: '0f19cef30db3ee2428646a5d82973567') in 0.005462 seconds
  Import took 0.007192 seconds .

========================================================================
Received Import Request.
  Time since last request: 2.507476 seconds.
  path: Assets/Scenes/SampleScene.unity
  artifactKey: Guid(9fc0d4010bbf28b4594072e72b8655ab) Importer(815301076,1909f56bfc062723c751e8b465ee728b)
Start importing Assets/Scenes/SampleScene.unity using Guid(9fc0d4010bbf28b4594072e72b8655ab) Importer(815301076,1909f56bfc062723c751e8b465ee728b)  -> (artifact id: '02a2e40e81d35f9ada7821be9923d9eb') in 0.006536 seconds
  Import took 0.008022 seconds .

========================================================================
Received Import Request.
  Time since last request: 84.079525 seconds.
  path: Assets/New Terrain.asset
  artifactKey: Guid(3861729380de51847b5bbc96d7ccc4b9) Importer(815301076,1909f56bfc062723c751e8b465ee728b)
Start importing Assets/New Terrain.asset using Guid(3861729380de51847b5bbc96d7ccc4b9) Importer(815301076,1909f56bfc062723c751e8b465ee728b)  -> (artifact id: '56b74ec78aca843d5d172c68d0b3128e') in 0.018082 seconds
  Import took 0.019675 seconds .

========================================================================
Received Import Request.
  Time since last request: 15.021261 seconds.
  path: Assets/Material
  artifactKey: Guid(7f06957e7276614439d31ebf29efbe11) Importer(815301076,1909f56bfc062723c751e8b465ee728b)
Start importing Assets/Material using Guid(7f06957e7276614439d31ebf29efbe11) Importer(815301076,1909f56bfc062723c751e8b465ee728b)  -> (artifact id: 'c0a080164d9c855c1058580c2e40b8d8') in 0.005681 seconds
  Import took 0.007286 seconds .

========================================================================
Received Import Request.
  Time since last request: 6.735791 seconds.
  path: Assets/Material/New Flare.flare
  artifactKey: Guid(5765481f09a1ece4cb79490e27dbccfc) Importer(815301076,1909f56bfc062723c751e8b465ee728b)
Start importing Assets/Material/New Flare.flare using Guid(5765481f09a1ece4cb79490e27dbccfc) Importer(815301076,1909f56bfc062723c751e8b465ee728b)  -> (artifact id: '08982a7045023cf2d62fe5b8f075b2c9') in 0.006948 seconds
  Import took 0.008441 seconds .

========================================================================
Received Import Request.
  Time since last request: 0.001229 seconds.
  path: Assets/Material/New Flare.flare
  artifactKey: Guid(5765481f09a1ece4cb79490e27dbccfc) Importer(815301076,1909f56bfc062723c751e8b465ee728b)
Start importing Assets/Material/New Flare.flare using Guid(5765481f09a1ece4cb79490e27dbccfc) Importer(815301076,1909f56bfc062723c751e8b465ee728b)  -> (artifact id: '08982a7045023cf2d62fe5b8f075b2c9') in 0.002180 seconds
  Import took 0.003595 seconds .

========================================================================
Received Import Request.
  Time since last request: 9.484551 seconds.
  path: Assets/Material/New Material.mat
  artifactKey: Guid(bc4b9e6bfcf34e94b9a165fcc89c475f) Importer(815301076,1909f56bfc062723c751e8b465ee728b)
Start importing Assets/Material/New Material.mat using Guid(bc4b9e6bfcf34e94b9a165fcc89c475f) Importer(815301076,1909f56bfc062723c751e8b465ee728b)  -> (artifact id: 'c428580aafbc37264b701b78dfb6db52') in 0.065026 seconds
  Import took 0.066422 seconds .

========================================================================
Received Import Request.
  Time since last request: 45.963156 seconds.
  path: Assets/Script
  artifactKey: Guid(f392c0dbf90b6d24392e2352179667b6) Importer(815301076,1909f56bfc062723c751e8b465ee728b)
Start importing Assets/Script using Guid(f392c0dbf90b6d24392e2352179667b6) Importer(815301076,1909f56bfc062723c751e8b465ee728b)  -> (artifact id: '02b9e162ada34d376503f9929e373e5b') in 0.005745 seconds
  Import took 0.007242 seconds .

========================================================================
Received Import Request.
  Time since last request: 11.257686 seconds.
  path: Assets/Script/PlayerController.cs
  artifactKey: Guid(ff723abcba9d372498ca095e42644107) Importer(815301076,1909f56bfc062723c751e8b465ee728b)
Start importing Assets/Script/PlayerController.cs using Guid(ff723abcba9d372498ca095e42644107) Importer(815301076,1909f56bfc062723c751e8b465ee728b)  -> (artifact id: '4288b22f6664b176dc98be1215da36af') in 0.006403 seconds
  Import took 0.007946 seconds .

========================================================================
Received Prepare
Registering precompiled user dll's ...
Registered in 0.000349 seconds.
Begin MonoManager ReloadAssembly
Native extension for WindowsStandalone target not found
Refreshing native plugins compatible for Editor in 0.14 ms, found 0 plugins.
Preloading 0 native plugins for Editor in 0.00 ms.
Mono: successfully reloaded assembly
- Completed reload, in  0.480 seconds
Platform modules already initialized, skipping
Refreshing native plugins compatible for Editor in 0.24 ms, found 0 plugins.
Preloading 0 native plugins for Editor in 0.00 ms.
Unloading 1111 Unused Serialized files (Serialized files now loaded: 0)
System memory in use before: 61.3 MB.
System memory in use after: 60.8 MB.

Unloading 7 unused Assets to reduce memory usage. Loaded Objects now: 1602.
Total: 1.705400 ms (FindLiveObjects: 0.152800 ms CreateObjectMapping: 0.026200 ms MarkObjects: 1.284600 ms  DeleteObjects: 0.240500 ms)

========================================================================
Received Import Request.
  Time since last request: 126.776066 seconds.
  path: Assets/Script/PlayerController.cs
  artifactKey: Guid(ff723abcba9d372498ca095e42644107) Importer(815301076,1909f56bfc062723c751e8b465ee728b)
Start importing Assets/Script/PlayerController.cs using Guid(ff723abcba9d372498ca095e42644107) Importer(815301076,1909f56bfc062723c751e8b465ee728b)  -> (artifact id: '4e99f6ba38ad36ed7b84ce43ba7da63e') in 0.004041 seconds
  Import took 0.005815 seconds .

========================================================================
Received Prepare
Registering precompiled user dll's ...
Registered in 0.000534 seconds.
Begin MonoManager ReloadAssembly
Native extension for WindowsStandalone target not found
Refreshing native plugins compatible for Editor in 0.14 ms, found 0 plugins.
Preloading 0 native plugins for Editor in 0.00 ms.
Mono: successfully reloaded assembly
- Completed reload, in  0.479 seconds
Platform modules already initialized, skipping
Refreshing native plugins compatible for Editor in 0.25 ms, found 0 plugins.
Preloading 0 native plugins for Editor in 0.00 ms.
Unloading 1111 Unused Serialized files (Serialized files now loaded: 0)
System memory in use before: 60.7 MB.
System memory in use after: 60.8 MB.

Unloading 5 unused Assets to reduce memory usage. Loaded Objects now: 1605.
Total: 1.232200 ms (FindLiveObjects: 0.123300 ms CreateObjectMapping: 0.030500 ms MarkObjects: 1.038700 ms  DeleteObjects: 0.038800 ms)

========================================================================
Received Import Request.
  Time since last request: 35.147848 seconds.
  path: Assets/Script/PlayerController.cs
  artifactKey: Guid(ff723abcba9d372498ca095e42644107) Importer(815301076,1909f56bfc062723c751e8b465ee728b)
Start importing Assets/Script/PlayerController.cs using Guid(ff723abcba9d372498ca095e42644107) Importer(815301076,1909f56bfc062723c751e8b465ee728b)  -> (artifact id: 'd6c612d175c0534b251fdf7912be7d5f') in 0.003663 seconds
  Import took 0.005183 seconds .

========================================================================
Received Prepare
Registering precompiled user dll's ...
Registered in 0.000388 seconds.
Begin MonoManager ReloadAssembly
Native extension for WindowsStandalone target not found
Refreshing native plugins compatible for Editor in 0.15 ms, found 0 plugins.
Preloading 0 native plugins for Editor in 0.00 ms.
Mono: successfully reloaded assembly
- Completed reload, in  0.470 seconds
Platform modules already initialized, skipping
Refreshing native plugins compatible for Editor in 0.20 ms, found 0 plugins.
Preloading 0 native plugins for Editor in 0.00 ms.
Unloading 1111 Unused Serialized files (Serialized files now loaded: 0)
System memory in use before: 60.8 MB.
System memory in use after: 60.8 MB.

Unloading 5 unused Assets to reduce memory usage. Loaded Objects now: 1608.
Total: 1.114900 ms (FindLiveObjects: 0.104100 ms CreateObjectMapping: 0.021000 ms MarkObjects: 0.954700 ms  DeleteObjects: 0.034500 ms)

========================================================================
Received Prepare
Registering precompiled user dll's ...
Registered in 0.000416 seconds.
Begin MonoManager ReloadAssembly
Native extension for WindowsStandalone target not found
Refreshing native plugins compatible for Editor in 0.15 ms, found 0 plugins.
Preloading 0 native plugins for Editor in 0.00 ms.
Mono: successfully reloaded assembly
- Completed reload, in  0.469 seconds
Platform modules already initialized, skipping
Refreshing native plugins compatible for Editor in 0.16 ms, found 0 plugins.
Preloading 0 native plugins for Editor in 0.00 ms.
Unloading 1111 Unused Serialized files (Serialized files now loaded: 0)
System memory in use before: 60.8 MB.
System memory in use after: 60.9 MB.

Unloading 5 unused Assets to reduce memory usage. Loaded Objects now: 1611.
Total: 1.184600 ms (FindLiveObjects: 0.102200 ms CreateObjectMapping: 0.021900 ms MarkObjects: 1.011200 ms  DeleteObjects: 0.048000 ms)

========================================================================
Received Prepare
Registering precompiled user dll's ...
Registered in 0.000398 seconds.
Begin MonoManager ReloadAssembly
Native extension for WindowsStandalone target not found
Refreshing native plugins compatible for Editor in 0.15 ms, found 0 plugins.
Preloading 0 native plugins for Editor in 0.00 ms.
Mono: successfully reloaded assembly
- Completed reload, in  0.467 seconds
Platform modules already initialized, skipping
Refreshing native plugins compatible for Editor in 0.15 ms, found 0 plugins.
Preloading 0 native plugins for Editor in 0.00 ms.
Unloading 1111 Unused Serialized files (Serialized files now loaded: 0)
System memory in use before: 60.8 MB.
System memory in use after: 60.9 MB.

Unloading 5 unused Assets to reduce memory usage. Loaded Objects now: 1614.
Total: 1.334900 ms (FindLiveObjects: 0.113700 ms CreateObjectMapping: 0.026000 ms MarkObjects: 1.125200 ms  DeleteObjects: 0.068700 ms)

========================================================================
Received Prepare
Registering precompiled user dll's ...
Registered in 0.000504 seconds.
Begin MonoManager ReloadAssembly
Native extension for WindowsStandalone target not found
Refreshing native plugins compatible for Editor in 0.18 ms, found 0 plugins.
Preloading 0 native plugins for Editor in 0.00 ms.
Mono: successfully reloaded assembly
- Completed reload, in  0.472 seconds
Platform modules already initialized, skipping
Refreshing native plugins compatible for Editor in 0.18 ms, found 0 plugins.
Preloading 0 native plugins for Editor in 0.00 ms.
Unloading 1111 Unused Serialized files (Serialized files now loaded: 0)
System memory in use before: 60.8 MB.
System memory in use after: 60.9 MB.

Unloading 5 unused Assets to reduce memory usage. Loaded Objects now: 1617.
Total: 1.394700 ms (FindLiveObjects: 0.104300 ms CreateObjectMapping: 0.044900 ms MarkObjects: 1.193400 ms  DeleteObjects: 0.051400 ms)

AssetImportWorkerClient::OnTransportError - code=2 error=End of file
